2020-08-27 11:16:52 [restartedMain] INFO  c.q.cs.QdmCareSupervisorApplication - Starting QdmCareSupervisorApplication on LAPTOP-GBKRVFU8 with PID 12052 (C:\Users\nandh\git\QDM\qdm-care-supervisor\target\classes started by nandh in C:\Users\nandh\git\QDM\qdm-care-supervisor)
2020-08-27 11:16:52 [restartedMain] DEBUG c.q.cs.QdmCareSupervisorApplication - Running with Spring Boot v2.3.2.RELEASE, Spring v5.2.8.RELEASE
2020-08-27 11:16:52 [restartedMain] INFO  c.q.cs.QdmCareSupervisorApplication - The following profiles are active: dev
2020-08-27 11:17:00 [restartedMain] INFO  c.q.cs.QdmCareSupervisorApplication - Started QdmCareSupervisorApplication in 7.752 seconds (JVM running for 9.173)
2020-08-27 11:17:23 [http-nio-8443-exec-2] INFO  c.q.c.u.c.CareProviderController - Created Care Provider Successfully With ID : 1
2020-08-27 11:18:01 [http-nio-8443-exec-3] INFO  c.q.c.u.c.CareProviderController - Get CareProvider Records By CareProviderId 1
2020-08-27 11:21:57 [restartedMain] INFO  c.q.cs.QdmCareSupervisorApplication - Starting QdmCareSupervisorApplication on LAPTOP-GBKRVFU8 with PID 12052 (C:\Users\nandh\git\QDM\qdm-care-supervisor\target\classes started by nandh in C:\Users\nandh\git\QDM\qdm-care-supervisor)
2020-08-27 11:21:57 [restartedMain] DEBUG c.q.cs.QdmCareSupervisorApplication - Running with Spring Boot v2.3.2.RELEASE, Spring v5.2.8.RELEASE
2020-08-27 11:21:57 [restartedMain] INFO  c.q.cs.QdmCareSupervisorApplication - The following profiles are active: dev
2020-08-27 11:21:59 [restartedMain] INFO  c.q.cs.QdmCareSupervisorApplication - Started QdmCareSupervisorApplication in 2.04 seconds (JVM running for 308.435)
2020-08-27 11:22:38 [restartedMain] INFO  c.q.cs.QdmCareSupervisorApplication - Starting QdmCareSupervisorApplication on LAPTOP-GBKRVFU8 with PID 12052 (C:\Users\nandh\git\QDM\qdm-care-supervisor\target\classes started by nandh in C:\Users\nandh\git\QDM\qdm-care-supervisor)
2020-08-27 11:22:38 [restartedMain] DEBUG c.q.cs.QdmCareSupervisorApplication - Running with Spring Boot v2.3.2.RELEASE, Spring v5.2.8.RELEASE
2020-08-27 11:22:38 [restartedMain] INFO  c.q.cs.QdmCareSupervisorApplication - The following profiles are active: dev
2020-08-27 11:22:41 [restartedMain] INFO  c.q.cs.QdmCareSupervisorApplication - Started QdmCareSupervisorApplication in 2.238 seconds (JVM running for 349.908)
2020-08-27 11:23:36 [restartedMain] INFO  c.q.cs.QdmCareSupervisorApplication - Starting QdmCareSupervisorApplication on LAPTOP-GBKRVFU8 with PID 12052 (C:\Users\nandh\git\QDM\qdm-care-supervisor\target\classes started by nandh in C:\Users\nandh\git\QDM\qdm-care-supervisor)
2020-08-27 11:23:36 [restartedMain] DEBUG c.q.cs.QdmCareSupervisorApplication - Running with Spring Boot v2.3.2.RELEASE, Spring v5.2.8.RELEASE
2020-08-27 11:23:36 [restartedMain] INFO  c.q.cs.QdmCareSupervisorApplication - The following profiles are active: dev
2020-08-27 11:23:38 [restartedMain] INFO  c.q.cs.QdmCareSupervisorApplication - Started QdmCareSupervisorApplication in 1.994 seconds (JVM running for 407.762)
2020-08-27 11:23:58 [http-nio-8443-exec-2] INFO  c.q.c.u.c.CareProviderController - Created Care Provider Successfully With ID : 1
2020-08-27 11:24:08 [http-nio-8443-exec-3] INFO  c.q.c.u.c.CareProviderController - Get CareProvider Records By CareProviderId 1
2020-08-27 11:35:34 [http-nio-8443-exec-4] INFO  c.q.c.u.c.CareProviderController - Updated Care Provider With Id : 1
2020-08-27 11:35:49 [http-nio-8443-exec-5] INFO  c.q.c.u.c.CareProviderController - Get CareProvider Records By CareProviderId 1
2020-08-27 11:50:08 [restartedMain] INFO  c.q.cs.QdmCareSupervisorApplication - Starting QdmCareSupervisorApplication on LAPTOP-GBKRVFU8 with PID 12052 (C:\Users\nandh\git\QDM\qdm-care-supervisor\target\classes started by nandh in C:\Users\nandh\git\QDM\qdm-care-supervisor)
2020-08-27 11:50:08 [restartedMain] DEBUG c.q.cs.QdmCareSupervisorApplication - Running with Spring Boot v2.3.2.RELEASE, Spring v5.2.8.RELEASE
2020-08-27 11:50:08 [restartedMain] INFO  c.q.cs.QdmCareSupervisorApplication - The following profiles are active: dev
2020-08-27 11:50:09 [restartedMain] INFO  c.q.cs.QdmCareSupervisorApplication - Started QdmCareSupervisorApplication in 0.917 seconds (JVM running for 1998.5)
2020-08-27 11:54:21 [restartedMain] INFO  c.q.cs.QdmCareSupervisorApplication - Starting QdmCareSupervisorApplication on LAPTOP-GBKRVFU8 with PID 12052 (C:\Users\nandh\git\QDM\qdm-care-supervisor\target\classes started by nandh in C:\Users\nandh\git\QDM\qdm-care-supervisor)
2020-08-27 11:54:21 [restartedMain] DEBUG c.q.cs.QdmCareSupervisorApplication - Running with Spring Boot v2.3.2.RELEASE, Spring v5.2.8.RELEASE
2020-08-27 11:54:21 [restartedMain] INFO  c.q.cs.QdmCareSupervisorApplication - The following profiles are active: dev
2020-08-27 11:54:21 [restartedMain] INFO  c.q.cs.QdmCareSupervisorApplication - Started QdmCareSupervisorApplication in 0.964 seconds (JVM running for 2250.831)
2020-08-27 11:54:32 [restartedMain] INFO  c.q.cs.QdmCareSupervisorApplication - Starting QdmCareSupervisorApplication on LAPTOP-GBKRVFU8 with PID 12052 (C:\Users\nandh\git\QDM\qdm-care-supervisor\target\classes started by nandh in C:\Users\nandh\git\QDM\qdm-care-supervisor)
2020-08-27 11:54:32 [restartedMain] DEBUG c.q.cs.QdmCareSupervisorApplication - Running with Spring Boot v2.3.2.RELEASE, Spring v5.2.8.RELEASE
2020-08-27 11:54:32 [restartedMain] INFO  c.q.cs.QdmCareSupervisorApplication - The following profiles are active: dev
2020-08-27 11:54:33 [restartedMain] INFO  c.q.cs.QdmCareSupervisorApplication - Started QdmCareSupervisorApplication in 0.848 seconds (JVM running for 2262.48)
2020-08-27 11:54:57 [restartedMain] INFO  c.q.cs.QdmCareSupervisorApplication - Starting QdmCareSupervisorApplication on LAPTOP-GBKRVFU8 with PID 12052 (C:\Users\nandh\git\QDM\qdm-care-supervisor\target\classes started by nandh in C:\Users\nandh\git\QDM\qdm-care-supervisor)
2020-08-27 11:54:57 [restartedMain] DEBUG c.q.cs.QdmCareSupervisorApplication - Running with Spring Boot v2.3.2.RELEASE, Spring v5.2.8.RELEASE
2020-08-27 11:54:57 [restartedMain] INFO  c.q.cs.QdmCareSupervisorApplication - The following profiles are active: dev
2020-08-27 11:54:58 [restartedMain] INFO  c.q.cs.QdmCareSupervisorApplication - Started QdmCareSupervisorApplication in 0.83 seconds (JVM running for 2287.292)
2020-08-27 11:55:03 [restartedMain] INFO  c.q.cs.QdmCareSupervisorApplication - Starting QdmCareSupervisorApplication on LAPTOP-GBKRVFU8 with PID 12052 (C:\Users\nandh\git\QDM\qdm-care-supervisor\target\classes started by nandh in C:\Users\nandh\git\QDM\qdm-care-supervisor)
2020-08-27 11:55:03 [restartedMain] DEBUG c.q.cs.QdmCareSupervisorApplication - Running with Spring Boot v2.3.2.RELEASE, Spring v5.2.8.RELEASE
2020-08-27 11:55:03 [restartedMain] INFO  c.q.cs.QdmCareSupervisorApplication - The following profiles are active: dev
2020-08-27 11:55:04 [restartedMain] INFO  c.q.cs.QdmCareSupervisorApplication - Started QdmCareSupervisorApplication in 0.87 seconds (JVM running for 2292.911)
2020-08-27 11:59:48 [restartedMain] INFO  c.q.cs.QdmCareSupervisorApplication - Starting QdmCareSupervisorApplication on LAPTOP-GBKRVFU8 with PID 12052 (C:\Users\nandh\git\QDM\qdm-care-supervisor\target\classes started by nandh in C:\Users\nandh\git\QDM\qdm-care-supervisor)
2020-08-27 11:59:48 [restartedMain] DEBUG c.q.cs.QdmCareSupervisorApplication - Running with Spring Boot v2.3.2.RELEASE, Spring v5.2.8.RELEASE
2020-08-27 11:59:48 [restartedMain] INFO  c.q.cs.QdmCareSupervisorApplication - The following profiles are active: dev
2020-08-27 11:59:49 [restartedMain] INFO  c.q.cs.QdmCareSupervisorApplication - Started QdmCareSupervisorApplication in 0.855 seconds (JVM running for 2578.437)
2020-08-27 12:00:19 [http-nio-8443-exec-2] INFO  c.q.c.u.c.CareGiverController - Care Giver Created Successfully With CareGiver_Id : 1
2020-08-27 12:01:25 [http-nio-8443-exec-4] INFO  c.q.c.u.c.CareGiverController - Get CareGiver Records By CareGiverId 1
2020-08-27 13:19:35 [restartedMain] INFO  c.q.cs.QdmCareSupervisorApplication - Starting QdmCareSupervisorApplication on LAPTOP-GBKRVFU8 with PID 12052 (C:\Users\nandh\git\QDM\qdm-care-supervisor\target\classes started by nandh in C:\Users\nandh\git\QDM\qdm-care-supervisor)
2020-08-27 13:19:35 [restartedMain] DEBUG c.q.cs.QdmCareSupervisorApplication - Running with Spring Boot v2.3.2.RELEASE, Spring v5.2.8.RELEASE
2020-08-27 13:19:35 [restartedMain] INFO  c.q.cs.QdmCareSupervisorApplication - The following profiles are active: dev
2020-08-27 13:19:36 [restartedMain] INFO  c.q.cs.QdmCareSupervisorApplication - Started QdmCareSupervisorApplication in 1.145 seconds (JVM running for 7365.205)
2020-08-27 13:21:23 [restartedMain] INFO  c.q.cs.QdmCareSupervisorApplication - Starting QdmCareSupervisorApplication on LAPTOP-GBKRVFU8 with PID 12052 (C:\Users\nandh\git\QDM\qdm-care-supervisor\target\classes started by nandh in C:\Users\nandh\git\QDM\qdm-care-supervisor)
2020-08-27 13:21:23 [restartedMain] DEBUG c.q.cs.QdmCareSupervisorApplication - Running with Spring Boot v2.3.2.RELEASE, Spring v5.2.8.RELEASE
2020-08-27 13:21:23 [restartedMain] INFO  c.q.cs.QdmCareSupervisorApplication - The following profiles are active: dev
