2020-08-27 21:46:39 [restartedMain] INFO  c.q.c.QdmCareGiverClientsApplication - Starting QdmCareGiverClientsApplication on DESKTOP-JUID77J with PID 17096 (D:\prodian\QDM\qdm-care-giver-clients\target\classes started by Arul in D:\prodian\QDM\qdm-care-giver-clients)
2020-08-27 21:46:39 [restartedMain] DEBUG c.q.c.QdmCareGiverClientsApplication - Running with Spring Boot v2.3.2.RELEASE, Spring v5.2.8.RELEASE
2020-08-27 21:46:39 [restartedMain] INFO  c.q.c.QdmCareGiverClientsApplication - The following profiles are active: dev
2020-08-27 21:48:22 [restartedMain] INFO  c.q.c.QdmCareGiverClientsApplication - Starting QdmCareGiverClientsApplication on DESKTOP-JUID77J with PID 6136 (D:\prodian\QDM\qdm-care-giver-clients\target\classes started by Arul in D:\prodian\QDM\qdm-care-giver-clients)
2020-08-27 21:48:23 [restartedMain] DEBUG c.q.c.QdmCareGiverClientsApplication - Running with Spring Boot v2.3.2.RELEASE, Spring v5.2.8.RELEASE
2020-08-27 21:48:23 [restartedMain] INFO  c.q.c.QdmCareGiverClientsApplication - The following profiles are active: dev
2020-08-27 21:48:40 [restartedMain] INFO  c.q.c.QdmCareGiverClientsApplication - Started QdmCareGiverClientsApplication in 19.319 seconds (JVM running for 21.193)
2020-08-27 21:49:18 [restartedMain] INFO  c.q.c.QdmCareGiverClientsApplication - Starting QdmCareGiverClientsApplication on DESKTOP-JUID77J with PID 6136 (D:\prodian\QDM\qdm-care-giver-clients\target\classes started by Arul in D:\prodian\QDM\qdm-care-giver-clients)
2020-08-27 21:49:18 [restartedMain] DEBUG c.q.c.QdmCareGiverClientsApplication - Running with Spring Boot v2.3.2.RELEASE, Spring v5.2.8.RELEASE
2020-08-27 21:49:18 [restartedMain] INFO  c.q.c.QdmCareGiverClientsApplication - The following profiles are active: dev
2020-08-27 21:49:23 [restartedMain] INFO  c.q.c.QdmCareGiverClientsApplication - Started QdmCareGiverClientsApplication in 5.033 seconds (JVM running for 63.528)
2020-08-27 21:51:21 [restartedMain] INFO  c.q.c.QdmCareGiverClientsApplication - Starting QdmCareGiverClientsApplication on DESKTOP-JUID77J with PID 6136 (D:\prodian\QDM\qdm-care-giver-clients\target\classes started by Arul in D:\prodian\QDM\qdm-care-giver-clients)
2020-08-27 21:51:21 [restartedMain] DEBUG c.q.c.QdmCareGiverClientsApplication - Running with Spring Boot v2.3.2.RELEASE, Spring v5.2.8.RELEASE
2020-08-27 21:51:21 [restartedMain] INFO  c.q.c.QdmCareGiverClientsApplication - The following profiles are active: dev
2020-08-27 21:51:26 [restartedMain] INFO  c.q.c.QdmCareGiverClientsApplication - Started QdmCareGiverClientsApplication in 4.841 seconds (JVM running for 186.441)
2020-08-27 22:05:27 [restartedMain] INFO  c.q.c.QdmCareGiverClientsApplication - Starting QdmCareGiverClientsApplication on DESKTOP-JUID77J with PID 16164 (D:\prodian\QDM\qdm-care-giver-clients\target\classes started by Arul in D:\prodian\QDM\qdm-care-giver-clients)
2020-08-27 22:05:27 [restartedMain] DEBUG c.q.c.QdmCareGiverClientsApplication - Running with Spring Boot v2.3.2.RELEASE, Spring v5.2.8.RELEASE
2020-08-27 22:05:27 [restartedMain] INFO  c.q.c.QdmCareGiverClientsApplication - The following profiles are active: dev
2020-08-27 22:05:43 [restartedMain] INFO  c.q.c.QdmCareGiverClientsApplication - Started QdmCareGiverClientsApplication in 17.264 seconds (JVM running for 19.963)
2020-08-27 22:09:31 [restartedMain] INFO  c.q.c.QdmCareGiverClientsApplication - Starting QdmCareGiverClientsApplication on DESKTOP-JUID77J with PID 16164 (D:\prodian\QDM\qdm-care-giver-clients\target\classes started by Arul in D:\prodian\QDM\qdm-care-giver-clients)
2020-08-27 22:09:31 [restartedMain] DEBUG c.q.c.QdmCareGiverClientsApplication - Running with Spring Boot v2.3.2.RELEASE, Spring v5.2.8.RELEASE
2020-08-27 22:09:31 [restartedMain] INFO  c.q.c.QdmCareGiverClientsApplication - The following profiles are active: dev
2020-08-27 22:09:35 [restartedMain] INFO  c.q.c.QdmCareGiverClientsApplication - Started QdmCareGiverClientsApplication in 4.762 seconds (JVM running for 252.789)
2020-08-27 22:19:06 [http-nio-8444-exec-4] INFO  c.q.c.c.c.ManageClientsController - Reports for Client ID 1001
2020-08-27 22:19:16 [http-nio-8444-exec-3] INFO  c.q.c.c.c.ManageClientsController - Reports for Client ID 1002
2020-08-27 22:30:25 [restartedMain] INFO  c.q.c.QdmCareGiverClientsApplication - Starting QdmCareGiverClientsApplication on DESKTOP-JUID77J with PID 16164 (D:\prodian\QDM\qdm-care-giver-clients\target\classes started by Arul in D:\prodian\QDM\qdm-care-giver-clients)
2020-08-27 22:30:25 [restartedMain] DEBUG c.q.c.QdmCareGiverClientsApplication - Running with Spring Boot v2.3.2.RELEASE, Spring v5.2.8.RELEASE
2020-08-27 22:30:25 [restartedMain] INFO  c.q.c.QdmCareGiverClientsApplication - The following profiles are active: dev
2020-08-27 22:33:39 [restartedMain] INFO  c.q.c.QdmCareGiverClientsApplication - Starting QdmCareGiverClientsApplication on DESKTOP-JUID77J with PID 3336 (D:\prodian\QDM\qdm-care-giver-clients\target\classes started by Arul in D:\prodian\QDM\qdm-care-giver-clients)
2020-08-27 22:33:39 [restartedMain] DEBUG c.q.c.QdmCareGiverClientsApplication - Running with Spring Boot v2.3.2.RELEASE, Spring v5.2.8.RELEASE
2020-08-27 22:33:39 [restartedMain] INFO  c.q.c.QdmCareGiverClientsApplication - The following profiles are active: dev
2020-08-27 22:33:58 [restartedMain] INFO  c.q.c.QdmCareGiverClientsApplication - Started QdmCareGiverClientsApplication in 19.573 seconds (JVM running for 21.895)
2020-08-27 22:34:57 [restartedMain] INFO  c.q.c.QdmCareGiverClientsApplication - Starting QdmCareGiverClientsApplication on DESKTOP-JUID77J with PID 3336 (D:\prodian\QDM\qdm-care-giver-clients\target\classes started by Arul in D:\prodian\QDM\qdm-care-giver-clients)
2020-08-27 22:34:57 [restartedMain] DEBUG c.q.c.QdmCareGiverClientsApplication - Running with Spring Boot v2.3.2.RELEASE, Spring v5.2.8.RELEASE
2020-08-27 22:34:57 [restartedMain] INFO  c.q.c.QdmCareGiverClientsApplication - The following profiles are active: dev
2020-08-27 22:35:03 [restartedMain] INFO  c.q.c.QdmCareGiverClientsApplication - Started QdmCareGiverClientsApplication in 6.489 seconds (JVM running for 87.339)
2020-08-27 22:39:31 [restartedMain] INFO  c.q.c.QdmCareGiverClientsApplication - Starting QdmCareGiverClientsApplication on DESKTOP-JUID77J with PID 3336 (D:\prodian\QDM\qdm-care-giver-clients\target\classes started by Arul in D:\prodian\QDM\qdm-care-giver-clients)
2020-08-27 22:39:31 [restartedMain] DEBUG c.q.c.QdmCareGiverClientsApplication - Running with Spring Boot v2.3.2.RELEASE, Spring v5.2.8.RELEASE
2020-08-27 22:39:31 [restartedMain] INFO  c.q.c.QdmCareGiverClientsApplication - The following profiles are active: dev
2020-08-27 22:39:36 [restartedMain] INFO  c.q.c.QdmCareGiverClientsApplication - Started QdmCareGiverClientsApplication in 4.861 seconds (JVM running for 360.337)
2020-08-27 22:44:11 [restartedMain] INFO  c.q.c.QdmCareGiverClientsApplication - Starting QdmCareGiverClientsApplication on DESKTOP-JUID77J with PID 3336 (D:\prodian\QDM\qdm-care-giver-clients\target\classes started by Arul in D:\prodian\QDM\qdm-care-giver-clients)
2020-08-27 22:44:11 [restartedMain] DEBUG c.q.c.QdmCareGiverClientsApplication - Running with Spring Boot v2.3.2.RELEASE, Spring v5.2.8.RELEASE
2020-08-27 22:44:11 [restartedMain] INFO  c.q.c.QdmCareGiverClientsApplication - The following profiles are active: dev
2020-08-27 22:44:16 [restartedMain] INFO  c.q.c.QdmCareGiverClientsApplication - Started QdmCareGiverClientsApplication in 5.185 seconds (JVM running for 640.139)
2020-08-27 22:44:19 [restartedMain] INFO  c.q.c.QdmCareGiverClientsApplication - Starting QdmCareGiverClientsApplication on DESKTOP-JUID77J with PID 3336 (D:\prodian\QDM\qdm-care-giver-clients\target\classes started by Arul in D:\prodian\QDM\qdm-care-giver-clients)
2020-08-27 22:44:19 [restartedMain] DEBUG c.q.c.QdmCareGiverClientsApplication - Running with Spring Boot v2.3.2.RELEASE, Spring v5.2.8.RELEASE
2020-08-27 22:44:19 [restartedMain] INFO  c.q.c.QdmCareGiverClientsApplication - The following profiles are active: dev
2020-08-27 22:44:23 [restartedMain] INFO  c.q.c.QdmCareGiverClientsApplication - Started QdmCareGiverClientsApplication in 4.16 seconds (JVM running for 647.551)
2020-08-27 22:44:38 [restartedMain] INFO  c.q.c.QdmCareGiverClientsApplication - Starting QdmCareGiverClientsApplication on DESKTOP-JUID77J with PID 3336 (D:\prodian\QDM\qdm-care-giver-clients\target\classes started by Arul in D:\prodian\QDM\qdm-care-giver-clients)
2020-08-27 22:44:38 [restartedMain] DEBUG c.q.c.QdmCareGiverClientsApplication - Running with Spring Boot v2.3.2.RELEASE, Spring v5.2.8.RELEASE
2020-08-27 22:44:38 [restartedMain] INFO  c.q.c.QdmCareGiverClientsApplication - The following profiles are active: dev
2020-08-27 22:44:42 [restartedMain] INFO  c.q.c.QdmCareGiverClientsApplication - Started QdmCareGiverClientsApplication in 4.044 seconds (JVM running for 666.749)
2020-08-27 22:45:27 [restartedMain] INFO  c.q.c.QdmCareGiverClientsApplication - Starting QdmCareGiverClientsApplication on DESKTOP-JUID77J with PID 3336 (D:\prodian\QDM\qdm-care-giver-clients\target\classes started by Arul in D:\prodian\QDM\qdm-care-giver-clients)
2020-08-27 22:45:27 [restartedMain] DEBUG c.q.c.QdmCareGiverClientsApplication - Running with Spring Boot v2.3.2.RELEASE, Spring v5.2.8.RELEASE
2020-08-27 22:45:27 [restartedMain] INFO  c.q.c.QdmCareGiverClientsApplication - The following profiles are active: dev
